21 Mar 2021 12:13:59,256 INFO  repository.ExcursionDBRepository 23 <init> - Initializing ExcursionDBRepository with properties: {jdbc.url=jdbc:sqlite:C:\Users\asus\Databases\tourism_testing.db} 
21 Mar 2021 12:13:59,449 INFO  repository.UserDBRepository 21 <init> - Initializing UserDBRepository with properties: {jdbc.url=jdbc:sqlite:C:\Users\asus\Databases\tourism_testing.db} 
21 Mar 2021 12:13:59,467 INFO  repository.ReservationDBRepository 21 <init> - Initializing ReservationDBRepository with properties: {jdbc.url=jdbc:sqlite:C:\Users\asus\Databases\tourism_testing.db} 
21 Mar 2021 12:13:59,469 TRACE repository.JdbcUtils 47 getConnection - Enter
21 Mar 2021 12:13:59,470 TRACE repository.JdbcUtils 24 getNewConnection - Enter
21 Mar 2021 12:14:00,124 INFO  repository.JdbcUtils 29 getNewConnection - trying to connect to database ... jdbc:sqlite:C:\Users\asus\Databases\tourism_testing.db
21 Mar 2021 12:14:00,126 INFO  repository.JdbcUtils 30 getNewConnection - user: null
21 Mar 2021 12:14:00,128 INFO  repository.JdbcUtils 31 getNewConnection - pass: null
21 Mar 2021 12:14:02,742 TRACE repository.JdbcUtils 56 getConnection - Exit with(org.sqlite.jdbc4.JDBC4Connection@341decfb)
21 Mar 2021 12:14:03,352 TRACE repository.JdbcUtils 47 getConnection - Enter
21 Mar 2021 12:14:03,352 TRACE repository.JdbcUtils 24 getNewConnection - Enter
21 Mar 2021 12:14:03,353 INFO  repository.JdbcUtils 29 getNewConnection - trying to connect to database ... jdbc:sqlite:C:\Users\asus\Databases\tourism_testing.db
21 Mar 2021 12:14:03,353 INFO  repository.JdbcUtils 30 getNewConnection - user: null
21 Mar 2021 12:14:03,354 INFO  repository.JdbcUtils 31 getNewConnection - pass: null
21 Mar 2021 12:14:03,355 TRACE repository.JdbcUtils 56 getConnection - Exit with(org.sqlite.jdbc4.JDBC4Connection@11c367b)
21 Mar 2021 12:14:03,836 TRACE repository.JdbcUtils 47 getConnection - Enter
21 Mar 2021 12:14:03,836 TRACE repository.JdbcUtils 24 getNewConnection - Enter
21 Mar 2021 12:14:03,836 INFO  repository.JdbcUtils 29 getNewConnection - trying to connect to database ... jdbc:sqlite:C:\Users\asus\Databases\tourism_testing.db
21 Mar 2021 12:14:03,837 INFO  repository.JdbcUtils 30 getNewConnection - user: null
21 Mar 2021 12:14:03,837 INFO  repository.JdbcUtils 31 getNewConnection - pass: null
21 Mar 2021 12:14:03,838 TRACE repository.JdbcUtils 56 getConnection - Exit with(org.sqlite.jdbc4.JDBC4Connection@675a14e6)
21 Mar 2021 12:14:04,368 TRACE repository.UserDBRepository 97 save - Enter Saving user User{username='Ion', password='1234'}
21 Mar 2021 12:14:04,369 TRACE repository.JdbcUtils 47 getConnection - Enter
21 Mar 2021 12:14:04,369 TRACE repository.JdbcUtils 24 getNewConnection - Enter
21 Mar 2021 12:14:04,369 INFO  repository.JdbcUtils 29 getNewConnection - trying to connect to database ... jdbc:sqlite:C:\Users\asus\Databases\tourism_testing.db
21 Mar 2021 12:14:04,370 INFO  repository.JdbcUtils 30 getNewConnection - user: null
21 Mar 2021 12:14:04,370 INFO  repository.JdbcUtils 31 getNewConnection - pass: null
21 Mar 2021 12:14:04,371 TRACE repository.JdbcUtils 56 getConnection - Exit with(org.sqlite.jdbc4.JDBC4Connection@5a4029c9)
21 Mar 2021 12:14:04,992 TRACE repository.UserDBRepository 103 save - Saved 1 instances
21 Mar 2021 12:14:04,993 TRACE repository.UserDBRepository 71 findAll - Enter
21 Mar 2021 12:14:04,994 TRACE repository.JdbcUtils 47 getConnection - Enter
21 Mar 2021 12:14:04,995 TRACE repository.JdbcUtils 56 getConnection - Exit with(org.sqlite.jdbc4.JDBC4Connection@5a4029c9)
21 Mar 2021 12:14:05,203 TRACE repository.UserDBRepository 90 findAll - Exit with([User{username='Ion', password='1234'}])
21 Mar 2021 12:14:05,204 TRACE repository.UserDBRepository 47 findOne - Enter
21 Mar 2021 12:14:05,204 TRACE repository.JdbcUtils 47 getConnection - Enter
21 Mar 2021 12:14:05,204 TRACE repository.JdbcUtils 56 getConnection - Exit with(org.sqlite.jdbc4.JDBC4Connection@5a4029c9)
21 Mar 2021 12:14:05,205 TRACE repository.UserDBRepository 56 findOne - Exit with(User{username='Ion', password='1234'})
21 Mar 2021 12:14:05,205 TRACE repository.UserDBRepository 131 update - Enter update user User{username='Mihai', password='1234'}
21 Mar 2021 12:14:05,206 TRACE repository.JdbcUtils 47 getConnection - Enter
21 Mar 2021 12:14:05,206 TRACE repository.JdbcUtils 56 getConnection - Exit with(org.sqlite.jdbc4.JDBC4Connection@5a4029c9)
21 Mar 2021 12:14:05,549 TRACE repository.UserDBRepository 138 update - Updated 1 instances
21 Mar 2021 12:14:05,550 TRACE repository.UserDBRepository 144 update - Exit
21 Mar 2021 12:14:05,550 TRACE repository.UserDBRepository 47 findOne - Enter
21 Mar 2021 12:14:05,551 TRACE repository.JdbcUtils 47 getConnection - Enter
21 Mar 2021 12:14:05,551 TRACE repository.JdbcUtils 56 getConnection - Exit with(org.sqlite.jdbc4.JDBC4Connection@5a4029c9)
21 Mar 2021 12:14:05,552 TRACE repository.UserDBRepository 56 findOne - Exit with(User{username='Mihai', password='1234'})
21 Mar 2021 12:14:05,552 TRACE repository.UserDBRepository 115 delete - Enter
21 Mar 2021 12:14:05,553 TRACE repository.JdbcUtils 47 getConnection - Enter
21 Mar 2021 12:14:05,553 TRACE repository.JdbcUtils 56 getConnection - Exit with(org.sqlite.jdbc4.JDBC4Connection@5a4029c9)
21 Mar 2021 12:14:05,885 TRACE repository.UserDBRepository 120 delete - Deleted 1 instances
21 Mar 2021 12:14:05,886 TRACE repository.UserDBRepository 125 delete - Exit
21 Mar 2021 12:14:05,886 TRACE repository.UserDBRepository 71 findAll - Enter
21 Mar 2021 12:14:05,886 TRACE repository.JdbcUtils 47 getConnection - Enter
21 Mar 2021 12:14:05,888 TRACE repository.JdbcUtils 56 getConnection - Exit with(org.sqlite.jdbc4.JDBC4Connection@5a4029c9)
21 Mar 2021 12:14:05,889 TRACE repository.UserDBRepository 90 findAll - Exit with([])
21 Mar 2021 12:14:06,167 TRACE repository.ExcursionDBRepository 113 save - Enter Saving excursion Excursion{objective='muzeu', company='Tarom', price=25.0, time=20:30, seats=50}
21 Mar 2021 12:14:06,168 TRACE repository.JdbcUtils 47 getConnection - Enter
21 Mar 2021 12:14:06,168 TRACE repository.JdbcUtils 24 getNewConnection - Enter
21 Mar 2021 12:14:06,168 INFO  repository.JdbcUtils 29 getNewConnection - trying to connect to database ... jdbc:sqlite:C:\Users\asus\Databases\tourism_testing.db
21 Mar 2021 12:14:06,169 INFO  repository.JdbcUtils 30 getNewConnection - user: null
21 Mar 2021 12:14:06,169 INFO  repository.JdbcUtils 31 getNewConnection - pass: null
21 Mar 2021 12:14:06,170 TRACE repository.JdbcUtils 56 getConnection - Exit with(org.sqlite.jdbc4.JDBC4Connection@5f2dca34)
21 Mar 2021 12:14:06,425 TRACE repository.ExcursionDBRepository 122 save - Saved 1 instances
21 Mar 2021 12:14:06,426 TRACE repository.ExcursionDBRepository 127 save - Exit
21 Mar 2021 12:14:06,427 TRACE repository.ExcursionDBRepository 86 findAll - Enter
21 Mar 2021 12:14:06,427 TRACE repository.JdbcUtils 47 getConnection - Enter
21 Mar 2021 12:14:06,428 TRACE repository.JdbcUtils 56 getConnection - Exit with(org.sqlite.jdbc4.JDBC4Connection@5f2dca34)
21 Mar 2021 12:14:07,304 TRACE repository.ExcursionDBRepository 107 findAll - Exit with([Excursion{objective='muzeu', company='Tarom', price=25.0, time=20:30, seats=50}])
21 Mar 2021 12:14:07,305 TRACE repository.ExcursionDBRepository 29 filterByObjective - Enter
21 Mar 2021 12:14:07,305 TRACE repository.JdbcUtils 47 getConnection - Enter
21 Mar 2021 12:14:07,306 TRACE repository.JdbcUtils 56 getConnection - Exit with(org.sqlite.jdbc4.JDBC4Connection@5f2dca34)
21 Mar 2021 12:14:07,307 TRACE repository.ExcursionDBRepository 59 findOne - Enter
21 Mar 2021 12:14:07,307 TRACE repository.JdbcUtils 47 getConnection - Enter
21 Mar 2021 12:14:07,308 TRACE repository.JdbcUtils 56 getConnection - Exit with(org.sqlite.jdbc4.JDBC4Connection@5f2dca34)
21 Mar 2021 12:14:07,309 TRACE repository.ExcursionDBRepository 71 findOne - Exit with(Excursion{objective='muzeu', company='Tarom', price=25.0, time=20:30, seats=50})
21 Mar 2021 12:14:07,309 TRACE repository.ExcursionDBRepository 147 update - Enter update excursion Excursion{objective='opera', company='Tarom', price=25.0, time=20:30, seats=50}
21 Mar 2021 12:14:07,310 TRACE repository.JdbcUtils 47 getConnection - Enter
21 Mar 2021 12:14:07,310 TRACE repository.JdbcUtils 56 getConnection - Exit with(org.sqlite.jdbc4.JDBC4Connection@5f2dca34)
21 Mar 2021 12:14:07,674 TRACE repository.ExcursionDBRepository 157 update - Updated 1 instances
21 Mar 2021 12:14:07,675 TRACE repository.ExcursionDBRepository 162 update - Exit
21 Mar 2021 12:14:07,676 TRACE repository.ExcursionDBRepository 59 findOne - Enter
21 Mar 2021 12:14:07,676 TRACE repository.JdbcUtils 47 getConnection - Enter
21 Mar 2021 12:14:07,676 TRACE repository.JdbcUtils 56 getConnection - Exit with(org.sqlite.jdbc4.JDBC4Connection@5f2dca34)
21 Mar 2021 12:14:07,678 TRACE repository.ExcursionDBRepository 71 findOne - Exit with(Excursion{objective='opera', company='Tarom', price=25.0, time=20:30, seats=50})
21 Mar 2021 12:14:07,678 TRACE repository.ExcursionDBRepository 29 filterByObjective - Enter
21 Mar 2021 12:14:07,678 TRACE repository.JdbcUtils 47 getConnection - Enter
21 Mar 2021 12:14:07,679 TRACE repository.JdbcUtils 56 getConnection - Exit with(org.sqlite.jdbc4.JDBC4Connection@5f2dca34)
21 Mar 2021 12:14:07,682 TRACE repository.ReservationDBRepository 80 save - Enter Saving reservation Reservation{name='John', phoneNumber=123456789, ticketsNumber=2, excursionID=1}
21 Mar 2021 12:14:07,682 TRACE repository.JdbcUtils 47 getConnection - Enter
21 Mar 2021 12:14:07,682 TRACE repository.JdbcUtils 24 getNewConnection - Enter
21 Mar 2021 12:14:07,682 INFO  repository.JdbcUtils 29 getNewConnection - trying to connect to database ... jdbc:sqlite:C:\Users\asus\Databases\tourism_testing.db
21 Mar 2021 12:14:07,683 INFO  repository.JdbcUtils 30 getNewConnection - user: null
21 Mar 2021 12:14:07,683 INFO  repository.JdbcUtils 31 getNewConnection - pass: null
21 Mar 2021 12:14:07,684 TRACE repository.JdbcUtils 56 getConnection - Exit with(org.sqlite.jdbc4.JDBC4Connection@5350bd7)
21 Mar 2021 12:14:08,085 TRACE repository.ReservationDBRepository 88 save - Saved 1 instances
21 Mar 2021 12:14:08,086 TRACE repository.ReservationDBRepository 93 save - Exit
21 Mar 2021 12:14:08,086 TRACE repository.ReservationDBRepository 53 findAll - Enter
21 Mar 2021 12:14:08,086 TRACE repository.JdbcUtils 47 getConnection - Enter
21 Mar 2021 12:14:08,087 TRACE repository.JdbcUtils 56 getConnection - Exit with(org.sqlite.jdbc4.JDBC4Connection@5350bd7)
21 Mar 2021 12:14:08,087 TRACE repository.ReservationDBRepository 74 findAll - Exit with([Reservation{name='John', phoneNumber=123456789, ticketsNumber=2, excursionID=1}])
21 Mar 2021 12:14:08,088 TRACE repository.ReservationDBRepository 27 findOne - Enter
21 Mar 2021 12:14:08,089 TRACE repository.JdbcUtils 47 getConnection - Enter
21 Mar 2021 12:14:08,089 TRACE repository.JdbcUtils 56 getConnection - Exit with(org.sqlite.jdbc4.JDBC4Connection@5350bd7)
21 Mar 2021 12:14:08,090 TRACE repository.ReservationDBRepository 38 findOne - Exit with(Reservation{name='John', phoneNumber=123456789, ticketsNumber=2, excursionID=1})
21 Mar 2021 12:14:08,090 TRACE repository.ReservationDBRepository 114 update - Enter update reservation Reservation{name='Sam', phoneNumber=123456789, ticketsNumber=2, excursionID=1}
21 Mar 2021 12:14:08,091 TRACE repository.JdbcUtils 47 getConnection - Enter
21 Mar 2021 12:14:08,091 TRACE repository.JdbcUtils 56 getConnection - Exit with(org.sqlite.jdbc4.JDBC4Connection@5350bd7)
21 Mar 2021 12:14:08,458 TRACE repository.ReservationDBRepository 123 update - Updated 1 instances
21 Mar 2021 12:14:08,459 TRACE repository.ReservationDBRepository 128 update - Exit
21 Mar 2021 12:14:08,460 TRACE repository.ReservationDBRepository 27 findOne - Enter
21 Mar 2021 12:14:08,460 TRACE repository.JdbcUtils 47 getConnection - Enter
21 Mar 2021 12:14:08,460 TRACE repository.JdbcUtils 56 getConnection - Exit with(org.sqlite.jdbc4.JDBC4Connection@5350bd7)
21 Mar 2021 12:14:08,461 TRACE repository.ReservationDBRepository 38 findOne - Exit with(Reservation{name='Sam', phoneNumber=123456789, ticketsNumber=2, excursionID=1})
21 Mar 2021 12:14:08,461 TRACE repository.ReservationDBRepository 99 delete - Enter
21 Mar 2021 12:14:08,462 TRACE repository.JdbcUtils 47 getConnection - Enter
21 Mar 2021 12:14:08,462 TRACE repository.JdbcUtils 56 getConnection - Exit with(org.sqlite.jdbc4.JDBC4Connection@5350bd7)
21 Mar 2021 12:14:08,852 TRACE repository.ReservationDBRepository 104 delete - Deleted 1 instances
21 Mar 2021 12:14:08,853 TRACE repository.ReservationDBRepository 109 delete - Exit
21 Mar 2021 12:14:08,853 TRACE repository.ReservationDBRepository 53 findAll - Enter
21 Mar 2021 12:14:08,853 TRACE repository.JdbcUtils 47 getConnection - Enter
21 Mar 2021 12:14:08,853 TRACE repository.JdbcUtils 56 getConnection - Exit with(org.sqlite.jdbc4.JDBC4Connection@5350bd7)
21 Mar 2021 12:14:08,854 TRACE repository.ReservationDBRepository 74 findAll - Exit with([])
21 Mar 2021 12:14:08,855 TRACE repository.ExcursionDBRepository 132 delete - Enter Deleting excursion with id 1
21 Mar 2021 12:14:08,855 TRACE repository.JdbcUtils 47 getConnection - Enter
21 Mar 2021 12:14:08,856 TRACE repository.JdbcUtils 56 getConnection - Exit with(org.sqlite.jdbc4.JDBC4Connection@5f2dca34)
21 Mar 2021 12:14:09,226 TRACE repository.ExcursionDBRepository 137 delete - Deleted 1 instances
21 Mar 2021 12:14:09,227 TRACE repository.ExcursionDBRepository 142 delete - Exit
21 Mar 2021 12:14:09,227 TRACE repository.ExcursionDBRepository 86 findAll - Enter
21 Mar 2021 12:14:09,227 TRACE repository.JdbcUtils 47 getConnection - Enter
21 Mar 2021 12:14:09,228 TRACE repository.JdbcUtils 56 getConnection - Exit with(org.sqlite.jdbc4.JDBC4Connection@5f2dca34)
21 Mar 2021 12:14:09,229 TRACE repository.ExcursionDBRepository 107 findAll - Exit with([])
21 Mar 2021 12:15:36,360 INFO  repository.UserDBRepository 21 <init> - Initializing UserDBRepository with properties: {jdbc.url=jdbc:sqlite:C:\Users\asus\Databases\tourism_agency.db} 
21 Mar 2021 12:15:36,425 INFO  repository.ExcursionDBRepository 23 <init> - Initializing ExcursionDBRepository with properties: {jdbc.url=jdbc:sqlite:C:\Users\asus\Databases\tourism_agency.db} 
21 Mar 2021 12:15:36,467 INFO  repository.ReservationDBRepository 21 <init> - Initializing ReservationDBRepository with properties: {jdbc.url=jdbc:sqlite:C:\Users\asus\Databases\tourism_agency.db} 
21 Mar 2021 12:16:05,457 INFO  repository.ExcursionDBRepository 23 <init> - Initializing ExcursionDBRepository with properties: {jdbc.url=jdbc:sqlite:C:\Users\asus\Databases\tourism_testing.db} 
21 Mar 2021 12:16:05,466 INFO  repository.UserDBRepository 21 <init> - Initializing UserDBRepository with properties: {jdbc.url=jdbc:sqlite:C:\Users\asus\Databases\tourism_testing.db} 
21 Mar 2021 12:16:05,469 INFO  repository.ReservationDBRepository 21 <init> - Initializing ReservationDBRepository with properties: {jdbc.url=jdbc:sqlite:C:\Users\asus\Databases\tourism_testing.db} 
21 Mar 2021 12:16:05,497 TRACE repository.JdbcUtils 47 getConnection - Enter
21 Mar 2021 12:16:05,498 TRACE repository.JdbcUtils 24 getNewConnection - Enter
21 Mar 2021 12:16:05,498 INFO  repository.JdbcUtils 29 getNewConnection - trying to connect to database ... jdbc:sqlite:C:\Users\asus\Databases\tourism_testing.db
21 Mar 2021 12:16:05,499 INFO  repository.JdbcUtils 30 getNewConnection - user: null
21 Mar 2021 12:16:05,499 INFO  repository.JdbcUtils 31 getNewConnection - pass: null
21 Mar 2021 12:16:06,344 TRACE repository.JdbcUtils 56 getConnection - Exit with(org.sqlite.jdbc4.JDBC4Connection@4aa64430)
21 Mar 2021 12:16:06,573 TRACE repository.JdbcUtils 47 getConnection - Enter
21 Mar 2021 12:16:06,573 TRACE repository.JdbcUtils 24 getNewConnection - Enter
21 Mar 2021 12:16:06,573 INFO  repository.JdbcUtils 29 getNewConnection - trying to connect to database ... jdbc:sqlite:C:\Users\asus\Databases\tourism_testing.db
21 Mar 2021 12:16:06,574 INFO  repository.JdbcUtils 30 getNewConnection - user: null
21 Mar 2021 12:16:06,574 INFO  repository.JdbcUtils 31 getNewConnection - pass: null
21 Mar 2021 12:16:06,575 TRACE repository.JdbcUtils 56 getConnection - Exit with(org.sqlite.jdbc4.JDBC4Connection@45bbc505)
21 Mar 2021 12:16:06,788 TRACE repository.JdbcUtils 47 getConnection - Enter
21 Mar 2021 12:16:06,789 TRACE repository.JdbcUtils 24 getNewConnection - Enter
21 Mar 2021 12:16:06,789 INFO  repository.JdbcUtils 29 getNewConnection - trying to connect to database ... jdbc:sqlite:C:\Users\asus\Databases\tourism_testing.db
21 Mar 2021 12:16:06,789 INFO  repository.JdbcUtils 30 getNewConnection - user: null
21 Mar 2021 12:16:06,790 INFO  repository.JdbcUtils 31 getNewConnection - pass: null
21 Mar 2021 12:16:06,792 TRACE repository.JdbcUtils 56 getConnection - Exit with(org.sqlite.jdbc4.JDBC4Connection@236a6c6d)
21 Mar 2021 12:16:06,982 TRACE repository.UserDBRepository 97 save - Enter Saving user User{username='Ion', password='1234'}
21 Mar 2021 12:16:06,982 TRACE repository.JdbcUtils 47 getConnection - Enter
21 Mar 2021 12:16:06,982 TRACE repository.JdbcUtils 24 getNewConnection - Enter
21 Mar 2021 12:16:06,983 INFO  repository.JdbcUtils 29 getNewConnection - trying to connect to database ... jdbc:sqlite:C:\Users\asus\Databases\tourism_testing.db
21 Mar 2021 12:16:06,984 INFO  repository.JdbcUtils 30 getNewConnection - user: null
21 Mar 2021 12:16:06,985 INFO  repository.JdbcUtils 31 getNewConnection - pass: null
21 Mar 2021 12:16:06,986 TRACE repository.JdbcUtils 56 getConnection - Exit with(org.sqlite.jdbc4.JDBC4Connection@38351bb9)
21 Mar 2021 12:16:07,156 TRACE repository.UserDBRepository 103 save - Saved 1 instances
21 Mar 2021 12:16:07,156 TRACE repository.UserDBRepository 71 findAll - Enter
21 Mar 2021 12:16:07,156 TRACE repository.JdbcUtils 47 getConnection - Enter
21 Mar 2021 12:16:07,157 TRACE repository.JdbcUtils 56 getConnection - Exit with(org.sqlite.jdbc4.JDBC4Connection@38351bb9)
21 Mar 2021 12:16:07,180 TRACE repository.UserDBRepository 90 findAll - Exit with([User{username='Ion', password='1234'}])
21 Mar 2021 12:16:07,180 TRACE repository.UserDBRepository 47 findOne - Enter
21 Mar 2021 12:16:07,181 TRACE repository.JdbcUtils 47 getConnection - Enter
21 Mar 2021 12:16:07,181 TRACE repository.JdbcUtils 56 getConnection - Exit with(org.sqlite.jdbc4.JDBC4Connection@38351bb9)
21 Mar 2021 12:16:07,182 TRACE repository.UserDBRepository 56 findOne - Exit with(User{username='Ion', password='1234'})
21 Mar 2021 12:16:07,183 TRACE repository.UserDBRepository 131 update - Enter update user User{username='Mihai', password='1234'}
21 Mar 2021 12:16:07,183 TRACE repository.JdbcUtils 47 getConnection - Enter
21 Mar 2021 12:16:07,184 TRACE repository.JdbcUtils 56 getConnection - Exit with(org.sqlite.jdbc4.JDBC4Connection@38351bb9)
21 Mar 2021 12:16:07,340 TRACE repository.UserDBRepository 138 update - Updated 1 instances
21 Mar 2021 12:16:07,340 TRACE repository.UserDBRepository 144 update - Exit
21 Mar 2021 12:16:07,340 TRACE repository.UserDBRepository 47 findOne - Enter
21 Mar 2021 12:16:07,341 TRACE repository.JdbcUtils 47 getConnection - Enter
21 Mar 2021 12:16:07,341 TRACE repository.JdbcUtils 56 getConnection - Exit with(org.sqlite.jdbc4.JDBC4Connection@38351bb9)
21 Mar 2021 12:16:07,343 TRACE repository.UserDBRepository 56 findOne - Exit with(User{username='Mihai', password='1234'})
21 Mar 2021 12:16:07,344 TRACE repository.UserDBRepository 115 delete - Enter
21 Mar 2021 12:16:07,345 TRACE repository.JdbcUtils 47 getConnection - Enter
21 Mar 2021 12:16:07,346 TRACE repository.JdbcUtils 56 getConnection - Exit with(org.sqlite.jdbc4.JDBC4Connection@38351bb9)
21 Mar 2021 12:16:07,485 TRACE repository.UserDBRepository 120 delete - Deleted 1 instances
21 Mar 2021 12:16:07,485 TRACE repository.UserDBRepository 125 delete - Exit
21 Mar 2021 12:16:07,486 TRACE repository.UserDBRepository 71 findAll - Enter
21 Mar 2021 12:16:07,486 TRACE repository.JdbcUtils 47 getConnection - Enter
21 Mar 2021 12:16:07,486 TRACE repository.JdbcUtils 56 getConnection - Exit with(org.sqlite.jdbc4.JDBC4Connection@38351bb9)
21 Mar 2021 12:16:07,487 TRACE repository.UserDBRepository 90 findAll - Exit with([])
21 Mar 2021 12:16:07,661 TRACE repository.ExcursionDBRepository 113 save - Enter Saving excursion Excursion{objective='muzeu', company='Tarom', price=25.0, time=20:30, seats=50}
21 Mar 2021 12:16:07,662 TRACE repository.JdbcUtils 47 getConnection - Enter
21 Mar 2021 12:16:07,662 TRACE repository.JdbcUtils 24 getNewConnection - Enter
21 Mar 2021 12:16:07,662 INFO  repository.JdbcUtils 29 getNewConnection - trying to connect to database ... jdbc:sqlite:C:\Users\asus\Databases\tourism_testing.db
21 Mar 2021 12:16:07,663 INFO  repository.JdbcUtils 30 getNewConnection - user: null
21 Mar 2021 12:16:07,663 INFO  repository.JdbcUtils 31 getNewConnection - pass: null
21 Mar 2021 12:16:07,665 TRACE repository.JdbcUtils 56 getConnection - Exit with(org.sqlite.jdbc4.JDBC4Connection@4e32319c)
21 Mar 2021 12:16:07,781 TRACE repository.ExcursionDBRepository 122 save - Saved 1 instances
21 Mar 2021 12:16:07,781 TRACE repository.ExcursionDBRepository 127 save - Exit
21 Mar 2021 12:16:07,781 TRACE repository.ExcursionDBRepository 86 findAll - Enter
21 Mar 2021 12:16:07,782 TRACE repository.JdbcUtils 47 getConnection - Enter
21 Mar 2021 12:16:07,782 TRACE repository.JdbcUtils 56 getConnection - Exit with(org.sqlite.jdbc4.JDBC4Connection@4e32319c)
21 Mar 2021 12:16:07,902 TRACE repository.ExcursionDBRepository 107 findAll - Exit with([Excursion{objective='muzeu', company='Tarom', price=25.0, time=20:30, seats=50}])
21 Mar 2021 12:16:07,903 TRACE repository.ExcursionDBRepository 29 filterByObjective - Enter
21 Mar 2021 12:16:07,903 TRACE repository.JdbcUtils 47 getConnection - Enter
21 Mar 2021 12:16:07,903 TRACE repository.JdbcUtils 56 getConnection - Exit with(org.sqlite.jdbc4.JDBC4Connection@4e32319c)
21 Mar 2021 12:16:07,904 TRACE repository.ExcursionDBRepository 59 findOne - Enter
21 Mar 2021 12:16:07,905 TRACE repository.JdbcUtils 47 getConnection - Enter
21 Mar 2021 12:16:07,905 TRACE repository.JdbcUtils 56 getConnection - Exit with(org.sqlite.jdbc4.JDBC4Connection@4e32319c)
21 Mar 2021 12:16:07,906 TRACE repository.ExcursionDBRepository 71 findOne - Exit with(Excursion{objective='muzeu', company='Tarom', price=25.0, time=20:30, seats=50})
21 Mar 2021 12:16:07,906 TRACE repository.ExcursionDBRepository 147 update - Enter update excursion Excursion{objective='opera', company='Tarom', price=25.0, time=20:30, seats=50}
21 Mar 2021 12:16:07,907 TRACE repository.JdbcUtils 47 getConnection - Enter
21 Mar 2021 12:16:07,907 TRACE repository.JdbcUtils 56 getConnection - Exit with(org.sqlite.jdbc4.JDBC4Connection@4e32319c)
21 Mar 2021 12:16:08,062 TRACE repository.ExcursionDBRepository 157 update - Updated 1 instances
21 Mar 2021 12:16:08,063 TRACE repository.ExcursionDBRepository 162 update - Exit
21 Mar 2021 12:16:08,063 TRACE repository.ExcursionDBRepository 59 findOne - Enter
21 Mar 2021 12:16:08,063 TRACE repository.JdbcUtils 47 getConnection - Enter
21 Mar 2021 12:16:08,064 TRACE repository.JdbcUtils 56 getConnection - Exit with(org.sqlite.jdbc4.JDBC4Connection@4e32319c)
21 Mar 2021 12:16:08,065 TRACE repository.ExcursionDBRepository 71 findOne - Exit with(Excursion{objective='opera', company='Tarom', price=25.0, time=20:30, seats=50})
21 Mar 2021 12:16:08,065 TRACE repository.ExcursionDBRepository 29 filterByObjective - Enter
21 Mar 2021 12:16:08,066 TRACE repository.JdbcUtils 47 getConnection - Enter
21 Mar 2021 12:16:08,066 TRACE repository.JdbcUtils 56 getConnection - Exit with(org.sqlite.jdbc4.JDBC4Connection@4e32319c)
21 Mar 2021 12:16:08,072 TRACE repository.ReservationDBRepository 80 save - Enter Saving reservation Reservation{name='John', phoneNumber=123456789, ticketsNumber=2, excursionID=1}
21 Mar 2021 12:16:08,072 TRACE repository.JdbcUtils 47 getConnection - Enter
21 Mar 2021 12:16:08,073 TRACE repository.JdbcUtils 24 getNewConnection - Enter
21 Mar 2021 12:16:08,073 INFO  repository.JdbcUtils 29 getNewConnection - trying to connect to database ... jdbc:sqlite:C:\Users\asus\Databases\tourism_testing.db
21 Mar 2021 12:16:08,073 INFO  repository.JdbcUtils 30 getNewConnection - user: null
21 Mar 2021 12:16:08,073 INFO  repository.JdbcUtils 31 getNewConnection - pass: null
21 Mar 2021 12:16:08,075 TRACE repository.JdbcUtils 56 getConnection - Exit with(org.sqlite.jdbc4.JDBC4Connection@460ab3a1)
21 Mar 2021 12:16:08,189 TRACE repository.ReservationDBRepository 88 save - Saved 1 instances
21 Mar 2021 12:16:08,189 TRACE repository.ReservationDBRepository 93 save - Exit
21 Mar 2021 12:16:08,189 TRACE repository.ReservationDBRepository 53 findAll - Enter
21 Mar 2021 12:16:08,190 TRACE repository.JdbcUtils 47 getConnection - Enter
21 Mar 2021 12:16:08,190 TRACE repository.JdbcUtils 56 getConnection - Exit with(org.sqlite.jdbc4.JDBC4Connection@460ab3a1)
21 Mar 2021 12:16:08,191 TRACE repository.ReservationDBRepository 74 findAll - Exit with([Reservation{name='John', phoneNumber=123456789, ticketsNumber=2, excursionID=1}])
21 Mar 2021 12:16:08,192 TRACE repository.ReservationDBRepository 27 findOne - Enter
21 Mar 2021 12:16:08,192 TRACE repository.JdbcUtils 47 getConnection - Enter
21 Mar 2021 12:16:08,192 TRACE repository.JdbcUtils 56 getConnection - Exit with(org.sqlite.jdbc4.JDBC4Connection@460ab3a1)
21 Mar 2021 12:16:08,194 TRACE repository.ReservationDBRepository 38 findOne - Exit with(Reservation{name='John', phoneNumber=123456789, ticketsNumber=2, excursionID=1})
21 Mar 2021 12:16:08,194 TRACE repository.ReservationDBRepository 114 update - Enter update reservation Reservation{name='Sam', phoneNumber=123456789, ticketsNumber=2, excursionID=1}
21 Mar 2021 12:16:08,195 TRACE repository.JdbcUtils 47 getConnection - Enter
21 Mar 2021 12:16:08,195 TRACE repository.JdbcUtils 56 getConnection - Exit with(org.sqlite.jdbc4.JDBC4Connection@460ab3a1)
21 Mar 2021 12:16:08,297 TRACE repository.ReservationDBRepository 123 update - Updated 1 instances
21 Mar 2021 12:16:08,298 TRACE repository.ReservationDBRepository 128 update - Exit
21 Mar 2021 12:16:08,298 TRACE repository.ReservationDBRepository 27 findOne - Enter
21 Mar 2021 12:16:08,299 TRACE repository.JdbcUtils 47 getConnection - Enter
21 Mar 2021 12:16:08,299 TRACE repository.JdbcUtils 56 getConnection - Exit with(org.sqlite.jdbc4.JDBC4Connection@460ab3a1)
21 Mar 2021 12:16:08,301 TRACE repository.ReservationDBRepository 38 findOne - Exit with(Reservation{name='Sam', phoneNumber=123456789, ticketsNumber=2, excursionID=1})
21 Mar 2021 12:16:08,301 TRACE repository.ReservationDBRepository 99 delete - Enter
21 Mar 2021 12:16:08,302 TRACE repository.JdbcUtils 47 getConnection - Enter
21 Mar 2021 12:16:08,302 TRACE repository.JdbcUtils 56 getConnection - Exit with(org.sqlite.jdbc4.JDBC4Connection@460ab3a1)
21 Mar 2021 12:16:08,430 TRACE repository.ReservationDBRepository 104 delete - Deleted 1 instances
21 Mar 2021 12:16:08,431 TRACE repository.ReservationDBRepository 109 delete - Exit
21 Mar 2021 12:16:08,431 TRACE repository.ReservationDBRepository 53 findAll - Enter
21 Mar 2021 12:16:08,431 TRACE repository.JdbcUtils 47 getConnection - Enter
21 Mar 2021 12:16:08,432 TRACE repository.JdbcUtils 56 getConnection - Exit with(org.sqlite.jdbc4.JDBC4Connection@460ab3a1)
21 Mar 2021 12:16:08,433 TRACE repository.ReservationDBRepository 74 findAll - Exit with([])
21 Mar 2021 12:16:08,434 TRACE repository.ExcursionDBRepository 132 delete - Enter Deleting excursion with id 1
21 Mar 2021 12:16:08,434 TRACE repository.JdbcUtils 47 getConnection - Enter
21 Mar 2021 12:16:08,435 TRACE repository.JdbcUtils 56 getConnection - Exit with(org.sqlite.jdbc4.JDBC4Connection@4e32319c)
21 Mar 2021 12:16:08,555 TRACE repository.ExcursionDBRepository 137 delete - Deleted 1 instances
21 Mar 2021 12:16:08,555 TRACE repository.ExcursionDBRepository 142 delete - Exit
21 Mar 2021 12:16:08,556 TRACE repository.ExcursionDBRepository 86 findAll - Enter
21 Mar 2021 12:16:08,556 TRACE repository.JdbcUtils 47 getConnection - Enter
21 Mar 2021 12:16:08,556 TRACE repository.JdbcUtils 56 getConnection - Exit with(org.sqlite.jdbc4.JDBC4Connection@4e32319c)
21 Mar 2021 12:16:08,557 TRACE repository.ExcursionDBRepository 107 findAll - Exit with([])
